<?xml version="1.0" encoding="utf-8" standalone="no"?>
<!--This file represents the results of running a test suite-->
<test-results name="H:\Blackline\CssExport\CssExport\TestCssExport\bin\Debug\TestCssExport.dll" total="1" errors="0" failures="1" not-run="0" inconclusive="0" ignored="0" skipped="0" invalid="0" date="2016-04-07" time="03:03:18">
  <environment nunit-version="2.6.3.13283" clr-version="2.0.50727.8009" os-version="Microsoft Windows NT 6.2.9200.0" platform="Win32NT" cwd="C:\Program Files (x86)\NUnit 2.6.3\bin" machine-name="C" user="Codr" user-domain="C" />
  <culture-info current-culture="en-GB" current-uiculture="en-GB" />
  <test-suite type="Assembly" name="H:\Blackline\CssExport\CssExport\TestCssExport\bin\Debug\TestCssExport.dll" executed="True" result="Failure" success="False" time="21.489" asserts="0">
    <results>
      <test-suite type="Namespace" name="TestCssExport" executed="True" result="Failure" success="False" time="21.468" asserts="0">
        <results>
          <test-suite type="TestFixture" name="TestCssExport" executed="True" result="Failure" success="False" time="21.465" asserts="0">
            <results>
              <test-suite type="ParameterizedTest" name="GetContentOfCsvFileAsArray" executed="True" result="Failure" success="False" time="21.456" asserts="0">
                <results>
                  <test-case name="TestCssExport.TestCssExport.GetContentOfCsvFileAsArray()" executed="True" result="Failure" success="False" time="21.448" asserts="0">
                    <failure>
                      <message><![CDATA[  String lengths are both 2. Strings differ at index 0.
  Expected: "vv"
  But was:  "aa"
  -----------^
]]></message>
                      <stack-trace><![CDATA[at TestCssExport.TestCssExport.GetContentOfCsvFileAsArray() in h:\Blackline\CssExport\CssExport\TestCssExport\TestCssExport.cs:line 47
]]></stack-trace>
                    </failure>
                  </test-case>
                </results>
              </test-suite>
            </results>
          </test-suite>
        </results>
      </test-suite>
    </results>
  </test-suite>
</test-results>