<?xml version="1.0" encoding="utf-8" standalone="no"?>
<!--This file represents the results of running a test suite-->
<test-results name="F:\LearnGitRepository\JenkinsCourse\CreatingASimpleWord\TestCreatingASimpleWord\bin\Debug\TestCreatingASimpleWord.dll" total="1" errors="0" failures="0" not-run="0" inconclusive="0" ignored="0" skipped="0" invalid="0" date="2016-05-01" time="18:45:56">
  <environment nunit-version="2.6.3.13283" clr-version="2.0.50727.8009" os-version="Microsoft Windows NT 6.2.9200.0" platform="Win32NT" cwd="C:\Program Files (x86)\NUnit 2.6.3\bin" machine-name="C" user="Codr" user-domain="C" />
  <culture-info current-culture="en-GB" current-uiculture="en-GB" />
  <test-suite type="Assembly" name="F:\LearnGitRepository\JenkinsCourse\CreatingASimpleWord\TestCreatingASimpleWord\bin\Debug\TestCreatingASimpleWord.dll" executed="True" result="Success" success="True" time="0.300" asserts="0">
    <results>
      <test-suite type="Namespace" name="TestCreatingASimpleWord" executed="True" result="Success" success="True" time="0.267" asserts="0">
        <results>
          <test-suite type="TestFixture" name="TestProgram" executed="True" result="Success" success="True" time="0.264" asserts="0">
            <results>
              <test-case name="TestCreatingASimpleWord.TestProgram.ValidateMessage" executed="True" result="Success" success="True" time="0.151" asserts="0" />
            </results>
          </test-suite>
        </results>
      </test-suite>
    </results>
  </test-suite>
</test-results>